INFO:root:[2023-08-06 17:44:02] uploading file: /home/ubuntu/mydir/contest/code/pyGUIClient/data/data.txt

INFO:root:[2023-08-06 17:44:02] upload OK!

INFO:root:[2023-08-06 17:44:02] recieve file: data/result.txt

INFO:root:[2023-08-06 17:44:07] downloading file: data/result.txt

INFO:root:[2023-08-06 17:44:07] download OK!

INFO:root:[2023-08-06 17:44:32] showing result: data/result.txt

INFO:root:[2023-08-06 17:44:32] show result OK!

INFO:root:[2023-08-06 17:45:02] uploading file: /home/ubuntu/mydir/contest/code/pyGUIClient/data/data.txt

INFO:root:[2023-08-06 17:45:02] upload OK!

INFO:root:[2023-08-06 17:45:02] recieve file: data/result.txt

INFO:root:[2023-08-06 17:45:04] downloading file: data/result.txt

INFO:root:[2023-08-06 17:45:04] download OK!

INFO:root:[2023-08-06 17:45:18] showing result: data/result.txt

INFO:root:[2023-08-06 17:45:18] show result OK!

INFO:root:[2023-08-06 17:49:06] error: No result file! Please upload file and download result first! 

INFO:root:[2023-08-06 17:49:10] downloading file: data/result.txt

INFO:root:[2023-08-06 17:49:10] download OK!

INFO:root:[2023-08-06 17:49:12] showing result: data/result.txt

INFO:root:[2023-08-06 17:49:12] show result OK!

INFO:root:[2023-08-06 22:48:56] exit

INFO:root:[2023-08-06 22:49:03] downloading file: data/result.txt

INFO:root:[2023-08-06 22:49:03] download OK!

INFO:root:[2023-08-06 22:49:05] showing result: data/result.txt

INFO:root:[2023-08-06 22:49:05] show result OK!

INFO:root:[2023-08-06 22:49:09] exit

INFO:root:[2023-08-06 22:50:48] downloading file: data/result.txt

INFO:root:[2023-08-06 22:50:48] download OK!

INFO:root:[2023-08-06 22:50:50] showing result: data/result.txt

INFO:root:[2023-08-06 22:50:50] show result OK!

INFO:root:[2023-08-06 22:50:59] showing result: data/result.txt

INFO:root:[2023-08-06 22:50:59] show result OK!

INFO:root:[2023-08-06 22:51:17] exit

